<?xml version="1.0" encoding="UTF-8"?>
<!-- Generated by org.testng.reporters.JUnitReportReporter -->
<testsuite hostname="nata-bod" failures="0" tests="1" name="org.ait.hero.tests.NewTabTest" time="4.248" errors="0" timestamp="2023-10-15T13:37:09 MESZ" skipped="0">
  <testcase classname="org.ait.hero.tests.NewTabTest" name="switchToNewTabTest" time="4.248"/>
</testsuite> <!-- org.ait.hero.tests.NewTabTest -->
